c:\users\24705\desktop\remotecontrolview-main\remoteview\controlserver\controlserver\x64\debug\vc142.pdb
c:\users\24705\desktop\remotecontrolview-main\remoteview\controlserver\controlserver\x64\debug\vc142.idb
c:\users\24705\desktop\remotecontrolview-main\remoteview\controlserver\controlserver\x64\debug\tcpsocket.obj
c:\users\24705\desktop\remotecontrolview-main\remoteview\controlserver\controlserver\x64\debug\initsocklib.obj
c:\users\24705\desktop\remotecontrolview-main\remoteview\controlserver\controlserver\x64\debug\controlserver.obj
c:\users\24705\desktop\remotecontrolview-main\remoteview\controlserver\controlserver\x64\debug\clock.obj
c:\users\24705\desktop\remotecontrolview-main\remoteview\controlserver\controlserver\x64\debug\server.obj
c:\users\24705\desktop\finalhomework\remotecontrolview-main\remoteview\controlserver\controlserver\x64\debug\vc142.pdb
c:\users\24705\desktop\finalhomework\remotecontrolview-main\remoteview\controlserver\controlserver\x64\debug\vc142.idb
c:\users\24705\desktop\finalhomework\remotecontrolview-main\remoteview\controlserver\controlserver\x64\debug\tcpsocket.obj
c:\users\24705\desktop\finalhomework\remotecontrolview-main\remoteview\controlserver\controlserver\x64\debug\server.obj
c:\users\24705\desktop\finalhomework\remotecontrolview-main\remoteview\controlserver\controlserver\x64\debug\initsocklib.obj
c:\users\24705\desktop\finalhomework\remotecontrolview-main\remoteview\controlserver\controlserver\x64\debug\controlserver.obj
c:\users\24705\desktop\finalhomework\remotecontrolview-main\remoteview\controlserver\controlserver\x64\debug\clock.obj
c:\users\24705\desktop\remotecontrolview-main\remoteview\controlserver\controlserver\x64\debug\controlserver.ilk
c:\users\24705\desktop\remotecontrolview-main\remoteview\controlserver\x64\debug\controlserver.exe
c:\users\24705\desktop\remotecontrolview-main\remoteview\controlserver\x64\debug\controlserver.pdb
c:\users\24705\desktop\finalhomework\remotecontrolview-main\remoteview\controlserver\x64\debug\controlserver.exe
c:\users\24705\desktop\finalhomework\remotecontrolview-main\remoteview\controlserver\controlserver\x64\debug\controlserver.ilk
c:\users\24705\desktop\finalhomework\remotecontrolview-main\remoteview\controlserver\x64\debug\controlserver.pdb
c:\users\24705\desktop\finalhomework\remotecontrolview-main\remoteview\controlserver\controlserver\x64\debug\controlserver.tlog\cl.command.1.tlog
c:\users\24705\desktop\finalhomework\remotecontrolview-main\remoteview\controlserver\controlserver\x64\debug\controlserver.tlog\cl.read.1.tlog
c:\users\24705\desktop\finalhomework\remotecontrolview-main\remoteview\controlserver\controlserver\x64\debug\controlserver.tlog\cl.write.1.tlog
c:\users\24705\desktop\finalhomework\remotecontrolview-main\remoteview\controlserver\controlserver\x64\debug\controlserver.tlog\link.command.1.tlog
c:\users\24705\desktop\finalhomework\remotecontrolview-main\remoteview\controlserver\controlserver\x64\debug\controlserver.tlog\link.read.1.tlog
c:\users\24705\desktop\finalhomework\remotecontrolview-main\remoteview\controlserver\controlserver\x64\debug\controlserver.tlog\link.write.1.tlog
